<?xml version="1.0" encoding="UTF-8"?>
<!-- Generated by org.testng.reporters.JUnitReportReporter -->
<testsuite hostname="DESKTOP-BL2FOUA" failures="0" tests="1" name="testcase.LoginTest" time="6.967" errors="0" timestamp="2022-01-12T14:24:08 EET" skipped="0">
  <testcase classname="testcase.LoginTest" name="loginToApp" time="6.967"/>
  <system-out/>
</testsuite> <!-- testcase.LoginTest -->
